# JRE version: Java(TM) SE Runtime Environment (17.0.11+7) (build 17.0.11+7-LTS-207)
# Java VM: Java HotSpot(TM) 64-Bit Server VM (17.0.11+7-LTS-207, mixed mode, sharing, tiered, compressed oops, compressed class ptrs, g1 gc, windows-amd64)
GC Precious Log:
 CPUs: 4 total, 4 available
 Memory: 16278M
 Large Page Support: Disabled
 NUMA Support: Disabled
 Compressed Oops: Enabled (Zero based)
 Heap Region Size: 2M
 Heap Min Capacity: 8M
 Heap Initial Capacity: 256M
 Heap Max Capacity: 4070M
 Pre-touch: Disabled
 Parallel Workers: 4
 Concurrent Workers: 1
 Concurrent Refinement Workers: 4
 Periodic GC: Disabled
Heap:
 garbage-first heap   total 262144K, used 155083K [0x0000000701a00000, 0x0000000800000000)
  region size 2048K, 75 young (153600K), 1 survivors (2048K)
 Metaspace       used 18113K, committed 18304K, reserved 1114112K
  class space    used 2061K, committed 2176K, reserved 1048576K
GC Heap History (6 events):
Event: 2.944 GC heap before
{Heap before GC invocations=0 (full 0):
 garbage-first heap   total 262144K, used 12288K [0x0000000701a00000, 0x0000000800000000)
  region size 2048K, 6 young (12288K), 0 survivors (0K)
 Metaspace       used 3415K, committed 3584K, reserved 1114112K
  class space    used 351K, committed 448K, reserved 1048576K
}
Event: 2.957 GC heap after
{Heap after GC invocations=1 (full 0):
 garbage-first heap   total 262144K, used 3669K [0x0000000701a00000, 0x0000000800000000)
  region size 2048K, 1 young (2048K), 1 survivors (2048K)
 Metaspace       used 3415K, committed 3584K, reserved 1114112K
  class space    used 351K, committed 448K, reserved 1048576K
}
Event: 4.039 GC heap before
{Heap before GC invocations=1 (full 0):
 garbage-first heap   total 262144K, used 13909K [0x0000000701a00000, 0x0000000800000000)
  region size 2048K, 6 young (12288K), 1 survivors (2048K)
 Metaspace       used 6016K, committed 6208K, reserved 1114112K
  class space    used 701K, committed 832K, reserved 1048576K
}
Event: 4.051 GC heap after
{Heap after GC invocations=2 (full 0):
 garbage-first heap   total 262144K, used 4385K [0x0000000701a00000, 0x0000000800000000)
  region size 2048K, 1 young (2048K), 1 survivors (2048K)
 Metaspace       used 6016K, committed 6208K, reserved 1114112K
  class space    used 701K, committed 832K, reserved 1048576K
}
Event: 6.540 GC heap before
{Heap before GC invocations=2 (full 0):
 garbage-first heap   total 262144K, used 35105K [0x0000000701a00000, 0x0000000800000000)
  region size 2048K, 16 young (32768K), 1 survivors (2048K)
 Metaspace       used 9564K, committed 9792K, reserved 1114112K
  class space    used 1143K, committed 1280K, reserved 1048576K
}
Event: 6.548 GC heap after
{Heap after GC invocations=3 (full 0):
 garbage-first heap   total 262144K, used 5579K [0x0000000701a00000, 0x0000000800000000)
  region size 2048K, 1 young (2048K), 1 survivors (2048K)
 Metaspace       used 9564K, committed 9792K, reserved 1114112K
  class space    used 1143K, committed 1280K, reserved 1048576K
}

